This is pdfTeX, Version 3.14159265-2.6-1.40.16 (TeX Live 2015/Debian) (preloaded format=pdflatex 2017.3.3)  19 JUN 2017 11:40
entering extended mode
 restricted \write18 enabled.
 %&-line parsing enabled.
**integral-table.tex
(./integral-table.tex
LaTeX2e <2016/02/01>
Babel <3.9q> and hyphenation patterns for 3 language(s) loaded.
(/usr/share/texlive/texmf-dist/tex/latex/base/article.cls
Document Class: article 2014/09/29 v1.4h Standard LaTeX document class
(/usr/share/texlive/texmf-dist/tex/latex/base/size10.clo
File: size10.clo 2014/09/29 v1.4h Standard LaTeX file (size option)
)
\c@part=\count79
\c@section=\count80
\c@subsection=\count81
\c@subsubsection=\count82
\c@paragraph=\count83
\c@subparagraph=\count84
\c@figure=\count85
\c@table=\count86
\abovecaptionskip=\skip41
\belowcaptionskip=\skip42
\bibindent=\dimen102
)
(/usr/share/texlive/texmf-dist/tex/latex/geometry/geometry.sty
Package: geometry 2010/09/12 v5.6 Page Geometry

(/usr/share/texlive/texmf-dist/tex/latex/graphics/keyval.sty
Package: keyval 2014/10/28 v1.15 key=value parser (DPC)
\KV@toks@=\toks14
)
(/usr/share/texlive/texmf-dist/tex/generic/oberdiek/ifpdf.sty
Package: ifpdf 2011/01/30 v2.3 Provides the ifpdf switch (HO)
Package ifpdf Info: pdfTeX in PDF mode is detected.
)
(/usr/share/texlive/texmf-dist/tex/generic/oberdiek/ifvtex.sty
Package: ifvtex 2010/03/01 v1.5 Detect VTeX and its facilities (HO)
Package ifvtex Info: VTeX not detected.
)
(/usr/share/texlive/texmf-dist/tex/generic/ifxetex/ifxetex.sty
Package: ifxetex 2010/09/12 v0.6 Provides ifxetex conditional
)
\Gm@cnth=\count87
\Gm@cntv=\count88
\c@Gm@tempcnt=\count89
\Gm@bindingoffset=\dimen103
\Gm@wd@mp=\dimen104
\Gm@odd@mp=\dimen105
\Gm@even@mp=\dimen106
\Gm@layoutwidth=\dimen107
\Gm@layoutheight=\dimen108
\Gm@layouthoffset=\dimen109
\Gm@layoutvoffset=\dimen110
\Gm@dimlist=\toks15
)
(/usr/share/texlive/texmf-dist/tex/latex/amsfonts/amssymb.sty
Package: amssymb 2013/01/14 v3.01 AMS font symbols

(/usr/share/texlive/texmf-dist/tex/latex/amsfonts/amsfonts.sty
Package: amsfonts 2013/01/14 v3.01 Basic AMSFonts support
\@emptytoks=\toks16
\symAMSa=\mathgroup4
\symAMSb=\mathgroup5
LaTeX Font Info:    Overwriting math alphabet `\mathfrak' in version `bold'
(Font)                  U/euf/m/n --> U/euf/b/n on input line 106.
))
(/usr/share/texlive/texmf-dist/tex/latex/amsmath/amsmath.sty
Package: amsmath 2016/03/03 v2.15a AMS math features
\@mathmargin=\skip43

For additional information on amsmath, use the `?' option.
(/usr/share/texlive/texmf-dist/tex/latex/amsmath/amstext.sty
Package: amstext 2000/06/29 v2.01 AMS text

(/usr/share/texlive/texmf-dist/tex/latex/amsmath/amsgen.sty
File: amsgen.sty 1999/11/30 v2.0 generic functions
\@emptytoks=\toks17
\ex@=\dimen111
))
(/usr/share/texlive/texmf-dist/tex/latex/amsmath/amsbsy.sty
Package: amsbsy 1999/11/29 v1.2d Bold Symbols
\pmbraise@=\dimen112
)
(/usr/share/texlive/texmf-dist/tex/latex/amsmath/amsopn.sty
Package: amsopn 1999/12/14 v2.01 operator names
)
\inf@bad=\count90
LaTeX Info: Redefining \frac on input line 199.
\uproot@=\count91
\leftroot@=\count92
LaTeX Info: Redefining \overline on input line 297.
\classnum@=\count93
\DOTSCASE@=\count94
LaTeX Info: Redefining \ldots on input line 394.
LaTeX Info: Redefining \dots on input line 397.
LaTeX Info: Redefining \cdots on input line 518.
\Mathstrutbox@=\box26
\strutbox@=\box27
\big@size=\dimen113
LaTeX Font Info:    Redeclaring font encoding OML on input line 630.
LaTeX Font Info:    Redeclaring font encoding OMS on input line 631.
\macc@depth=\count95
\c@MaxMatrixCols=\count96
\dotsspace@=\muskip10
\c@parentequation=\count97
\dspbrk@lvl=\count98
\tag@help=\toks18
\row@=\count99
\column@=\count100
\maxfields@=\count101
\andhelp@=\toks19
\eqnshift@=\dimen114
\alignsep@=\dimen115
\tagshift@=\dimen116
\tagwidth@=\dimen117
\totwidth@=\dimen118
\lineht@=\dimen119
\@envbody=\toks20
\multlinegap=\skip44
\multlinetaggap=\skip45
\mathdisplay@stack=\toks21
LaTeX Info: Redefining \[ on input line 2735.
LaTeX Info: Redefining \] on input line 2736.
)
(/usr/share/texlive/texmf-dist/tex/latex/tools/multicol.sty
Package: multicol 2015/08/19 v1.8n multicolumn formatting (FMi)
\c@tracingmulticols=\count102
\mult@box=\box28
\multicol@leftmargin=\dimen120
\c@unbalance=\count103
\c@collectmore=\count104
\doublecol@number=\count105
\multicoltolerance=\count106
\multicolpretolerance=\count107
\full@width=\dimen121
\page@free=\dimen122
\premulticols=\dimen123
\postmulticols=\dimen124
\multicolsep=\skip46
\multicolbaselineskip=\skip47
\partial@page=\box29
\last@line=\box30
\maxbalancingoverflow=\dimen125
\mult@rightbox=\box31
\mult@grightbox=\box32
\mult@gfirstbox=\box33
\mult@firstbox=\box34
\@tempa=\box35
\@tempa=\box36
\@tempa=\box37
\@tempa=\box38
\@tempa=\box39
\@tempa=\box40
\@tempa=\box41
\@tempa=\box42
\@tempa=\box43
\@tempa=\box44
\@tempa=\box45
\@tempa=\box46
\@tempa=\box47
\@tempa=\box48
\@tempa=\box49
\@tempa=\box50
\@tempa=\box51
\c@columnbadness=\count108
\c@finalcolumnbadness=\count109
\last@try=\dimen126
\multicolovershoot=\dimen127
\multicolundershoot=\dimen128
\mult@nat@firstbox=\box52
\colbreak@box=\box53
\mc@col@check@num=\count110
)
(/usr/share/texlive/texmf-dist/tex/latex/hyperref/hyperref.sty
Package: hyperref 2012/11/06 v6.83m Hypertext links for LaTeX

(/usr/share/texlive/texmf-dist/tex/generic/oberdiek/hobsub-hyperref.sty
Package: hobsub-hyperref 2012/05/28 v1.13 Bundle oberdiek, subset hyperref (HO)


(/usr/share/texlive/texmf-dist/tex/generic/oberdiek/hobsub-generic.sty
Package: hobsub-generic 2012/05/28 v1.13 Bundle oberdiek, subset generic (HO)
Package: hobsub 2012/05/28 v1.13 Construct package bundles (HO)
Package: infwarerr 2010/04/08 v1.3 Providing info/warning/error messages (HO)
Package: ltxcmds 2011/11/09 v1.22 LaTeX kernel commands for general use (HO)
Package: ifluatex 2010/03/01 v1.3 Provides the ifluatex switch (HO)
Package ifluatex Info: LuaTeX not detected.
Package hobsub Info: Skipping package `ifvtex' (already loaded).
Package: intcalc 2007/09/27 v1.1 Expandable calculations with integers (HO)
Package hobsub Info: Skipping package `ifpdf' (already loaded).
Package: etexcmds 2011/02/16 v1.5 Avoid name clashes with e-TeX commands (HO)
Package etexcmds Info: Could not find \expanded.
(etexcmds)             That can mean that you are not using pdfTeX 1.50 or
(etexcmds)             that some package has redefined \expanded.
(etexcmds)             In the latter case, load this package earlier.
Package: kvsetkeys 2012/04/25 v1.16 Key value parser (HO)
Package: kvdefinekeys 2011/04/07 v1.3 Define keys (HO)
Package: pdftexcmds 2011/11/29 v0.20 Utility functions of pdfTeX for LuaTeX (HO
)
Package pdftexcmds Info: LuaTeX not detected.
Package pdftexcmds Info: \pdf@primitive is available.
Package pdftexcmds Info: \pdf@ifprimitive is available.
Package pdftexcmds Info: \pdfdraftmode found.
Package: pdfescape 2011/11/25 v1.13 Implements pdfTeX's escape features (HO)
Package: bigintcalc 2012/04/08 v1.3 Expandable calculations on big integers (HO
)
Package: bitset 2011/01/30 v1.1 Handle bit-vector datatype (HO)
Package: uniquecounter 2011/01/30 v1.2 Provide unlimited unique counter (HO)
)
Package hobsub Info: Skipping package `hobsub' (already loaded).
Package: letltxmacro 2010/09/02 v1.4 Let assignment for LaTeX macros (HO)
Package: hopatch 2012/05/28 v1.2 Wrapper for package hooks (HO)
Package: xcolor-patch 2011/01/30 xcolor patch
Package: atveryend 2011/06/30 v1.8 Hooks at the very end of document (HO)
Package atveryend Info: \enddocument detected (standard20110627).
Package: atbegshi 2011/10/05 v1.16 At begin shipout hook (HO)
Package: refcount 2011/10/16 v3.4 Data extraction from label references (HO)
Package: hycolor 2011/01/30 v1.7 Color options for hyperref/bookmark (HO)
)
(/usr/share/texlive/texmf-dist/tex/latex/oberdiek/auxhook.sty
Package: auxhook 2011/03/04 v1.3 Hooks for auxiliary files (HO)
)
(/usr/share/texlive/texmf-dist/tex/latex/oberdiek/kvoptions.sty
Package: kvoptions 2011/06/30 v3.11 Key value format for package options (HO)
)
\@linkdim=\dimen129
\Hy@linkcounter=\count111
\Hy@pagecounter=\count112

(/usr/share/texlive/texmf-dist/tex/latex/hyperref/pd1enc.def
File: pd1enc.def 2012/11/06 v6.83m Hyperref: PDFDocEncoding definition (HO)
)
\Hy@SavedSpaceFactor=\count113

(/usr/share/texlive/texmf-dist/tex/latex/latexconfig/hyperref.cfg
File: hyperref.cfg 2002/06/06 v1.2 hyperref configuration of TeXLive
)
Package hyperref Info: Hyper figures OFF on input line 4443.
Package hyperref Info: Link nesting OFF on input line 4448.
Package hyperref Info: Hyper index ON on input line 4451.
Package hyperref Info: Plain pages OFF on input line 4458.
Package hyperref Info: Backreferencing OFF on input line 4463.
Package hyperref Info: Implicit mode ON; LaTeX internals redefined.
Package hyperref Info: Bookmarks ON on input line 4688.
\c@Hy@tempcnt=\count114

(/usr/share/texlive/texmf-dist/tex/latex/url/url.sty
\Urlmuskip=\muskip11
Package: url 2013/09/16  ver 3.4  Verb mode for urls, etc.
)
LaTeX Info: Redefining \url on input line 5041.
\XeTeXLinkMargin=\dimen130
\Fld@menulength=\count115
\Field@Width=\dimen131
\Fld@charsize=\dimen132
Package hyperref Info: Hyper figures OFF on input line 6295.
Package hyperref Info: Link nesting OFF on input line 6300.
Package hyperref Info: Hyper index ON on input line 6303.
Package hyperref Info: backreferencing OFF on input line 6310.
Package hyperref Info: Link coloring OFF on input line 6315.
Package hyperref Info: Link coloring with OCG OFF on input line 6320.
Package hyperref Info: PDF/A mode OFF on input line 6325.
LaTeX Info: Redefining \ref on input line 6365.
LaTeX Info: Redefining \pageref on input line 6369.
\Hy@abspage=\count116
\c@Item=\count117
\c@Hfootnote=\count118
)

Package hyperref Message: Driver (autodetected): hpdftex.

(/usr/share/texlive/texmf-dist/tex/latex/hyperref/hpdftex.def
File: hpdftex.def 2012/11/06 v6.83m Hyperref driver for pdfTeX
\Fld@listcount=\count119
\c@bookmark@seq@number=\count120

(/usr/share/texlive/texmf-dist/tex/latex/oberdiek/rerunfilecheck.sty
Package: rerunfilecheck 2011/04/15 v1.7 Rerun checks for auxiliary files (HO)
Package uniquecounter Info: New unique counter `rerunfilecheck' on input line 2
82.
)
\Hy@SectionHShift=\skip48
)
Package hyperref Info: Option `colorlinks' set `true' on input line 21.

(./integral-table.aux)
\openout1 = `integral-table.aux'.

LaTeX Font Info:    Checking defaults for OML/cmm/m/it on input line 24.
LaTeX Font Info:    ... okay on input line 24.
LaTeX Font Info:    Checking defaults for T1/cmr/m/n on input line 24.
LaTeX Font Info:    ... okay on input line 24.
LaTeX Font Info:    Checking defaults for OT1/cmr/m/n on input line 24.
LaTeX Font Info:    ... okay on input line 24.
LaTeX Font Info:    Checking defaults for OMS/cmsy/m/n on input line 24.
LaTeX Font Info:    ... okay on input line 24.
LaTeX Font Info:    Checking defaults for OMX/cmex/m/n on input line 24.
LaTeX Font Info:    ... okay on input line 24.
LaTeX Font Info:    Checking defaults for U/cmr/m/n on input line 24.
LaTeX Font Info:    ... okay on input line 24.
LaTeX Font Info:    Checking defaults for PD1/pdf/m/n on input line 24.
LaTeX Font Info:    ... okay on input line 24.

*geometry* driver: auto-detecting
*geometry* detected driver: pdftex
*geometry* verbose mode - [ preamble ] result:
* driver: pdftex
* paper: a4paper
* layout: <same size as paper>
* layoutoffset:(h,v)=(0.0pt,0.0pt)
* modes: landscape 
* h-part:(L,W,R)=(28.45274pt, 788.14136pt, 28.45274pt)
* v-part:(T,H,B)=(28.45274pt, 540.60239pt, 28.45274pt)
* \paperwidth=845.04684pt
* \paperheight=597.50787pt
* \textwidth=788.14136pt
* \textheight=540.60239pt
* \oddsidemargin=-43.81725pt
* \evensidemargin=-43.81725pt
* \topmargin=-80.81725pt
* \headheight=12.0pt
* \headsep=25.0pt
* \topskip=10.0pt
* \footskip=30.0pt
* \marginparwidth=144.0pt
* \marginparsep=11.0pt
* \columnsep=10.0pt
* \skip\footins=9.0pt plus 4.0pt minus 2.0pt
* \hoffset=0.0pt
* \voffset=0.0pt
* \mag=1000
* \@twocolumnfalse
* \@twosidefalse
* \@mparswitchfalse
* \@reversemarginfalse
* (1in=72.27pt=25.4mm, 1cm=28.453pt)

\AtBeginShipoutBox=\box54
(/usr/share/texlive/texmf-dist/tex/latex/graphics/color.sty
Package: color 2016/01/03 v1.1b Standard LaTeX Color (DPC)

(/usr/share/texlive/texmf-dist/tex/latex/latexconfig/color.cfg
File: color.cfg 2007/01/18 v1.5 color configuration of teTeX/TeXLive
)
Package color Info: Driver file: pdftex.def on input line 143.

(/usr/share/texlive/texmf-dist/tex/latex/pdftex-def/pdftex.def
File: pdftex.def 2011/05/27 v0.06d Graphics/color for pdfTeX
\Gread@gobject=\count121

(/usr/share/texlive/texmf-dist/tex/context/base/supp-pdf.mkii
[Loading MPS to PDF converter (version 2006.09.02).]
\scratchcounter=\count122
\scratchdimen=\dimen133
\scratchbox=\box55
\nofMPsegments=\count123
\nofMParguments=\count124
\everyMPshowfont=\toks22
\MPscratchCnt=\count125
\MPscratchDim=\dimen134
\MPnumerator=\count126
\makeMPintoPDFobject=\count127
\everyMPtoPDFconversion=\toks23
)))
Package hyperref Info: Link coloring ON on input line 24.
 (/usr/share/texlive/texmf-dist/tex/latex/hyperref/nameref.sty
Package: nameref 2012/10/27 v2.43 Cross-referencing by name of section

(/usr/share/texlive/texmf-dist/tex/generic/oberdiek/gettitlestring.sty
Package: gettitlestring 2010/12/03 v1.4 Cleanup title references (HO)
)
\c@section@level=\count128
)
LaTeX Info: Redefining \ref on input line 24.
LaTeX Info: Redefining \pageref on input line 24.
LaTeX Info: Redefining \nameref on input line 24.

(./integral-table.out) (./integral-table.out)
\@outlinefile=\write3
\openout3 = `integral-table.out'.


Overfull \hbox (15.0pt too wide) in paragraph at lines 28--29
[][] 
 []

LaTeX Font Info:    Try loading font information for U+msa on input line 35.
(/usr/share/texlive/texmf-dist/tex/latex/amsfonts/umsa.fd
File: umsa.fd 2013/01/14 v3.01 AMS symbols A
)
LaTeX Font Info:    Try loading font information for U+msb on input line 35.

(/usr/share/texlive/texmf-dist/tex/latex/amsfonts/umsb.fd
File: umsb.fd 2013/01/14 v3.01 AMS symbols B
)
Underfull \hbox (badness 10000) in paragraph at lines 35--38

 []


Underfull \hbox (badness 10000) in paragraph at lines 39--42

 []


Underfull \hbox (badness 10000) in paragraph at lines 43--46

 []


Underfull \hbox (badness 10000) in paragraph at lines 47--50

 []


Underfull \hbox (badness 10000) in paragraph at lines 53--56

 []


Underfull \hbox (badness 10000) in paragraph at lines 57--60

 []


Underfull \hbox (badness 10000) in paragraph at lines 61--64

 []


Underfull \hbox (badness 10000) in paragraph at lines 65--68

 []


Underfull \hbox (badness 10000) in paragraph at lines 69--72

 []


Underfull \hbox (badness 10000) in paragraph at lines 73--76

 []


Underfull \hbox (badness 10000) in paragraph at lines 77--80

 []


Underfull \hbox (badness 10000) in paragraph at lines 81--84

 []


Underfull \hbox (badness 10000) in paragraph at lines 85--88

 []


Underfull \hbox (badness 10000) in paragraph at lines 89--92

 []


Underfull \hbox (badness 10000) in paragraph at lines 93--96

 []


Underfull \hbox (badness 10000) in paragraph at lines 98--102
[]$[] []\OML/cmm/m/it/10 dx \OT1/cmr/m/n/10 = [] [] \OMS/cmsy/m/n/10 j\OML/cmm/
m/it/10 ax[] \OT1/cmr/m/n/10 + \OML/cmm/m/it/10 bx \OT1/cmr/m/n/10 + \OML/cmm/m
/it/10 c\OMS/cmsy/m/n/10 j ^^@
 []


Underfull \hbox (badness 10000) in paragraph at lines 98--102

 []


Underfull \hbox (badness 10000) in paragraph at lines 105--108

 []


Underfull \hbox (badness 10000) in paragraph at lines 111--114

 []


Underfull \hbox (badness 10000) in paragraph at lines 115--118

 []


Underfull \hbox (badness 10000) in paragraph at lines 120--130

 []


Underfull \hbox (badness 10000) in paragraph at lines 131--134

 []


Underfull \hbox (badness 10000) in paragraph at lines 135--138

 []


Underfull \hbox (badness 10000) in paragraph at lines 139--142

 []


Underfull \hbox (badness 10000) in paragraph at lines 143--147

 []


Underfull \hbox (badness 10000) in paragraph at lines 148--152

 []


Underfull \hbox (badness 10000) in paragraph at lines 153--158

 []


Overfull \hbox (95.6461pt too wide) in paragraph at lines 159--163
[]$[] [] \OML/cmm/m/it/10 dx \OT1/cmr/m/n/10 = [] []$ 
 []


Underfull \hbox (badness 10000) in paragraph at lines 159--163

 []


Underfull \hbox (badness 10000) in paragraph at lines 164--172

 []


Underfull \hbox (badness 10000) in paragraph at lines 173--177

 []


Underfull \hbox (badness 10000) in paragraph at lines 178--182

 []


Underfull \hbox (badness 10000) in paragraph at lines 183--186

 []


Underfull \hbox (badness 10000) in paragraph at lines 187--190

 []


Underfull \hbox (badness 10000) in paragraph at lines 191--194

 []


Underfull \hbox (badness 10000) in paragraph at lines 195--198

 []


Underfull \hbox (badness 10000) in paragraph at lines 199--202

 []


Underfull \hbox (badness 10000) in paragraph at lines 203--207

 []


Underfull \hbox (badness 10000) in paragraph at lines 208--214
[]$[][] [] \OML/cmm/m/it/10 dx \OT1/cmr/m/n/10 = [][] +
 []


Underfull \hbox (badness 10000) in paragraph at lines 208--214

 []


Overfull \hbox (123.11247pt too wide) in paragraph at lines 215--224
[]$[][]$ 
 []


Underfull \hbox (badness 10000) in paragraph at lines 215--224

 []


Underfull \hbox (badness 10000) in paragraph at lines 225--229

 []


Underfull \hbox (badness 10000) in paragraph at lines 230--236
[]$[][] [] \OML/cmm/m/it/10 dx \OT1/cmr/m/n/10 = [][] \OMS/cmsy/m/n/10 ^^@
 []


Underfull \hbox (badness 10000) in paragraph at lines 230--236

 []


Underfull \hbox (badness 10000) in paragraph at lines 237--240

 []


Underfull \hbox (badness 10000) in paragraph at lines 245--248

 []


Underfull \hbox (badness 10000) in paragraph at lines 249--252

 []


Underfull \hbox (badness 10000) in paragraph at lines 253--256

 []


Underfull \hbox (badness 10000) in paragraph at lines 257--260

 []


Underfull \hbox (badness 10000) in paragraph at lines 262--265

 []


Underfull \hbox (badness 10000) in paragraph at lines 266--269

 []


Underfull \hbox (badness 10000) in paragraph at lines 270--273

 []


Underfull \hbox (badness 10000) in paragraph at lines 274--277

 []


Underfull \hbox (badness 10000) in paragraph at lines 278--281

 []


Underfull \hbox (badness 10000) in paragraph at lines 282--286

 []


Underfull \hbox (badness 10000) in paragraph at lines 287--291

 []


Overfull \hbox (9.96133pt too wide) in paragraph at lines 292--296
[]$[] \OML/cmm/m/it/10 x [] []  dx \OT1/cmr/m/n/10 = \OMS/cmsy/m/n/10 ^^@[]\OML
/cmm/m/it/10 x[] \OT1/cmr/m/n/10 + [] [] [] []$ 
 []


Underfull \hbox (badness 10000) in paragraph at lines 292--296

 []


Underfull \hbox (badness 10000) in paragraph at lines 297--300

 []


Underfull \hbox (badness 10000) in paragraph at lines 302--305

 []


Underfull \hbox (badness 10000) in paragraph at lines 307--310

 []


Underfull \hbox (badness 10000) in paragraph at lines 311--314

 []


Underfull \hbox (badness 10000) in paragraph at lines 318--321

 []


Overfull \hbox (3.60884pt too wide) in paragraph at lines 322--328
[]$[][] []\OML/cmm/m/it/10 e[] dx \OT1/cmr/m/n/10 = [][]\OML/cmm/m/it/10 e[] \O
T1/cmr/m/n/10 + [][] [] \OML/cmm/m/it/10 ; []\OT1/cmr/m/n/10 (\OML/cmm/m/it/10 
x\OT1/cmr/m/n/10 ) =
 []


Underfull \hbox (badness 10000) in paragraph at lines 322--328

 []


Underfull \hbox (badness 10000) in paragraph at lines 329--332

 []


Underfull \hbox (badness 10000) in paragraph at lines 333--336

 []


Underfull \hbox (badness 10000) in paragraph at lines 337--340

 []

[1

{/var/lib/texmf/fonts/map/pdftex/updmap/pdftex.map}]
Underfull \hbox (badness 10000) in paragraph at lines 341--344

 []


Underfull \hbox (badness 10000) in paragraph at lines 345--348

 []


Underfull \hbox (badness 10000) in paragraph at lines 349--353

 []


Underfull \hbox (badness 10000) in paragraph at lines 354--358

 []


Underfull \hbox (badness 10000) in paragraph at lines 359--362

 []


Underfull \hbox (badness 10000) in paragraph at lines 363--366

 []


Underfull \hbox (badness 10000) in paragraph at lines 367--370

 []


Underfull \hbox (badness 10000) in paragraph at lines 371--374

 []


Underfull \hbox (badness 10000) in paragraph at lines 378--381

 []


Underfull \hbox (badness 10000) in paragraph at lines 382--385

 []


Underfull \hbox (badness 10000) in paragraph at lines 386--389

 []


Underfull \hbox (badness 10000) in paragraph at lines 390--396

 []


Underfull \hbox (badness 10000) in paragraph at lines 399--402

 []


Underfull \hbox (badness 10000) in paragraph at lines 403--406

 []


Underfull \hbox (badness 10000) in paragraph at lines 407--410

 []


Overfull \hbox (14.77307pt too wide) in paragraph at lines 411--417
[]$[] [][] \OML/cmm/m/it/10 axdx \OT1/cmr/m/n/10 = \OMS/cmsy/m/n/10 ^^@[][] ^^B
 [] []$ 
 []


Underfull \hbox (badness 10000) in paragraph at lines 411--417

 []


Underfull \hbox (badness 10000) in paragraph at lines 418--421

 []


Underfull \hbox (badness 10000) in paragraph at lines 422--426

 []


Underfull \hbox (badness 10000) in paragraph at lines 427--433

 []


Underfull \hbox (badness 10000) in paragraph at lines 434--437

 []


Underfull \hbox (badness 10000) in paragraph at lines 438--443

 []


Underfull \hbox (badness 10000) in paragraph at lines 444--447

 []


Underfull \hbox (badness 10000) in paragraph at lines 448--455

 []


Underfull \hbox (badness 10000) in paragraph at lines 456--459

 []


Underfull \hbox (badness 10000) in paragraph at lines 460--463

 []


Underfull \hbox (badness 10000) in paragraph at lines 464--467

 []


Underfull \hbox (badness 10000) in paragraph at lines 468--474

 []


Underfull \hbox (badness 10000) in paragraph at lines 475--478

 []


Underfull \hbox (badness 10000) in paragraph at lines 479--482

 []


Underfull \hbox (badness 10000) in paragraph at lines 483--486

 []


Underfull \hbox (badness 10000) in paragraph at lines 487--490

 []


Underfull \hbox (badness 10000) in paragraph at lines 491--494

 []


Underfull \hbox (badness 10000) in paragraph at lines 495--498

 []


Underfull \hbox (badness 10000) in paragraph at lines 499--502

 []


Underfull \hbox (badness 10000) in paragraph at lines 503--506

 []


Underfull \hbox (badness 10000) in paragraph at lines 507--510

 []


Underfull \hbox (badness 10000) in paragraph at lines 511--514

 []


Underfull \hbox (badness 10000) in paragraph at lines 515--518

 []


Underfull \hbox (badness 10000) in paragraph at lines 519--522

 []


Underfull \hbox (badness 10000) in paragraph at lines 526--529

 []


Underfull \hbox (badness 10000) in paragraph at lines 530--533

 []


Underfull \hbox (badness 10000) in paragraph at lines 534--537

 []


Underfull \hbox (badness 10000) in paragraph at lines 538--541

 []


Overfull \hbox (21.02614pt too wide) in paragraph at lines 542--548
[]$[] \OML/cmm/m/it/10 x[] [] xdx \OT1/cmr/m/n/10 = \OMS/cmsy/m/n/10 ^^@[]\OT1/
cmr/m/n/10 (\OML/cmm/m/it/10 i\OT1/cmr/m/n/10 )[] []$ 
 []


Underfull \hbox (badness 10000) in paragraph at lines 542--548

 []


Overfull \hbox (36.7252pt too wide) in paragraph at lines 549--555
[]$[] \OML/cmm/m/it/10 x[] [] ax dx \OT1/cmr/m/n/10 = [](\OML/cmm/m/it/10 ia\OT
1/cmr/m/n/10 )[] []$ 
 []


Underfull \hbox (badness 10000) in paragraph at lines 549--555

 []


Underfull \hbox (badness 10000) in paragraph at lines 556--559

 []


Underfull \hbox (badness 10000) in paragraph at lines 560--563

 []


Underfull \hbox (badness 10000) in paragraph at lines 564--567

 []


Underfull \hbox (badness 10000) in paragraph at lines 568--571

 []


Overfull \hbox (19.79001pt too wide) in paragraph at lines 572--577
[]$[][] \OML/cmm/m/it/10 x[] [] x dx \OT1/cmr/m/n/10 = \OMS/cmsy/m/n/10 ^^@[]\O
T1/cmr/m/n/10 (\OML/cmm/m/it/10 i\OT1/cmr/m/n/10 )[] []$ 
 []


Underfull \hbox (badness 10000) in paragraph at lines 572--577

 []


Underfull \hbox (badness 10000) in paragraph at lines 578--581

 []


Underfull \hbox (badness 10000) in paragraph at lines 582--585

 []


Underfull \hbox (badness 10000) in paragraph at lines 586--589

 []


Underfull \hbox (badness 10000) in paragraph at lines 590--593

 []


Underfull \hbox (badness 10000) in paragraph at lines 596--599

 []


Underfull \hbox (badness 10000) in paragraph at lines 600--603

 []


Underfull \hbox (badness 10000) in paragraph at lines 604--607

 []


Underfull \hbox (badness 10000) in paragraph at lines 608--611

 []


Underfull \hbox (badness 10000) in paragraph at lines 612--615

 []


Underfull \hbox (badness 10000) in paragraph at lines 616--620

 []


Underfull \hbox (badness 10000) in paragraph at lines 623--626

 []

[2]
Overfull \hbox (7.06012pt too wide) in paragraph at lines 627--634
[]$[] \OML/cmm/m/it/10 e[] [] bx dx \OT1/cmr/m/n/10 = []$ 
 []


Underfull \hbox (badness 10000) in paragraph at lines 627--634

 []


Underfull \hbox (badness 10000) in paragraph at lines 635--638

 []


Overfull \hbox (13.72682pt too wide) in paragraph at lines 639--646
[]$[] \OML/cmm/m/it/10 e[] [] bx dx \OT1/cmr/m/n/10 = []$ 
 []


Underfull \hbox (badness 10000) in paragraph at lines 639--646

 []


Underfull \hbox (badness 10000) in paragraph at lines 648--651

 []


Overfull \hbox (52.4996pt too wide) in paragraph at lines 652--664
[]$[][] \OML/cmm/m/it/10 e[] [] bx dx \OT1/cmr/m/n/10 = []$ 
 []


Underfull \hbox (badness 10000) in paragraph at lines 652--664

 []


Overfull \hbox (23.11758pt too wide) in paragraph at lines 667--673
[]$[] [] \OML/cmm/m/it/10 ax [] bx dx \OT1/cmr/m/n/10 = [] []$ 
 []


Underfull \hbox (badness 10000) in paragraph at lines 667--673

 []


Overfull \hbox (22.00648pt too wide) in paragraph at lines 674--681
[]$[] [] \OML/cmm/m/it/10 ax [] bx dx \OT1/cmr/m/n/10 = [] []$ 
 []


Underfull \hbox (badness 10000) in paragraph at lines 674--681

 []


Overfull \hbox (29.78429pt too wide) in paragraph at lines 682--689
[]$[] [] \OML/cmm/m/it/10 ax [] bx dx \OT1/cmr/m/n/10 = [] []$ 
 []


Underfull \hbox (badness 10000) in paragraph at lines 682--689

 []


Overfull \hbox (20.89539pt too wide) in paragraph at lines 690--697
[]$[] [] \OML/cmm/m/it/10 ax [] bx dx \OT1/cmr/m/n/10 = [] []$ 
 []


Underfull \hbox (badness 10000) in paragraph at lines 690--697

 []


Underfull \hbox (badness 10000) in paragraph at lines 698--703

 []


Overfull \hbox (38.7843pt too wide) in paragraph at lines 704--710
[]$[] [] \OML/cmm/m/it/10 ax [] bx dx \OT1/cmr/m/n/10 = [] []$ 
 []


Underfull \hbox (badness 10000) in paragraph at lines 704--710

 []

[3]
Package atveryend Info: Empty hook `BeforeClearDocument' on input line 713.
Package atveryend Info: Empty hook `AfterLastShipout' on input line 713.
 (./integral-table.aux)
Package atveryend Info: Executing hook `AtVeryEndDocument' on input line 713.
Package atveryend Info: Executing hook `AtEndAfterFileList' on input line 713.
Package rerunfilecheck Info: File `integral-table.out' has not changed.
(rerunfilecheck)             Checksum: D41D8CD98F00B204E9800998ECF8427E;0.
Package atveryend Info: Empty hook `AtVeryVeryEnd' on input line 713.
 ) 
Here is how much of TeX's memory you used:
 6250 strings out of 494953
 89524 string characters out of 6180978
 206450 words of memory out of 5000000
 9501 multiletter control sequences out of 15000+600000
 5647 words of font info for 23 fonts, out of 8000000 for 9000
 14 hyphenation exceptions out of 8191
 29i,10n,26p,231b,444s stack positions out of 5000i,500n,10000p,200000b,80000s
</usr/share/texlive/texmf-dist/fonts/type1/public/amsfonts/cm/cmbx10.pfb></us
r/share/texlive/texmf-dist/fonts/type1/public/amsfonts/cm/cmex10.pfb></usr/shar
e/texlive/texmf-dist/fonts/type1/public/amsfonts/cm/cmmi10.pfb></usr/share/texl
ive/texmf-dist/fonts/type1/public/amsfonts/cm/cmmi5.pfb></usr/share/texlive/tex
mf-dist/fonts/type1/public/amsfonts/cm/cmmi7.pfb></usr/share/texlive/texmf-dist
/fonts/type1/public/amsfonts/cm/cmr10.pfb></usr/share/texlive/texmf-dist/fonts/
type1/public/amsfonts/cm/cmr5.pfb></usr/share/texlive/texmf-dist/fonts/type1/pu
blic/amsfonts/cm/cmr7.pfb></usr/share/texlive/texmf-dist/fonts/type1/public/ams
fonts/cm/cmsy10.pfb></usr/share/texlive/texmf-dist/fonts/type1/public/amsfonts/
cm/cmsy7.pfb>
Output written on integral-table.pdf (3 pages, 119690 bytes).
PDF statistics:
 61 PDF objects out of 1000 (max. 8388607)
 45 compressed objects within 1 object stream
 4 named destinations out of 1000 (max. 500000)
 1 words of extra memory for PDF output out of 10000 (max. 10000000)

