This is pdfTeX, Version 3.14159265-2.6-1.40.16 (TeX Live 2015/Debian) (preloaded format=pdflatex 2017.3.3)  24 MAY 2017 13:44
entering extended mode
 restricted \write18 enabled.
 %&-line parsing enabled.
**KNE343.tex
(./KNE343.tex
LaTeX2e <2016/02/01>
Babel <3.9q> and hyphenation patterns for 3 language(s) loaded.
(/usr/share/texlive/texmf-dist/tex/latex/base/article.cls
Document Class: article 2014/09/29 v1.4h Standard LaTeX document class
(/usr/share/texlive/texmf-dist/tex/latex/base/size10.clo
File: size10.clo 2014/09/29 v1.4h Standard LaTeX file (size option)
)
\c@part=\count79
\c@section=\count80
\c@subsection=\count81
\c@subsubsection=\count82
\c@paragraph=\count83
\c@subparagraph=\count84
\c@figure=\count85
\c@table=\count86
\abovecaptionskip=\skip41
\belowcaptionskip=\skip42
\bibindent=\dimen102
)
(/usr/share/texlive/texmf-dist/tex/latex/tools/multicol.sty
Package: multicol 2015/08/19 v1.8n multicolumn formatting (FMi)
\c@tracingmulticols=\count87
\mult@box=\box26
\multicol@leftmargin=\dimen103
\c@unbalance=\count88
\c@collectmore=\count89
\doublecol@number=\count90
\multicoltolerance=\count91
\multicolpretolerance=\count92
\full@width=\dimen104
\page@free=\dimen105
\premulticols=\dimen106
\postmulticols=\dimen107
\multicolsep=\skip43
\multicolbaselineskip=\skip44
\partial@page=\box27
\last@line=\box28
\maxbalancingoverflow=\dimen108
\mult@rightbox=\box29
\mult@grightbox=\box30
\mult@gfirstbox=\box31
\mult@firstbox=\box32
\@tempa=\box33
\@tempa=\box34
\@tempa=\box35
\@tempa=\box36
\@tempa=\box37
\@tempa=\box38
\@tempa=\box39
\@tempa=\box40
\@tempa=\box41
\@tempa=\box42
\@tempa=\box43
\@tempa=\box44
\@tempa=\box45
\@tempa=\box46
\@tempa=\box47
\@tempa=\box48
\@tempa=\box49
\c@columnbadness=\count93
\c@finalcolumnbadness=\count94
\last@try=\dimen109
\multicolovershoot=\dimen110
\multicolundershoot=\dimen111
\mult@nat@firstbox=\box50
\colbreak@box=\box51
\mc@col@check@num=\count95
)
(/usr/share/texlive/texmf-dist/tex/latex/geometry/geometry.sty
Package: geometry 2010/09/12 v5.6 Page Geometry

(/usr/share/texlive/texmf-dist/tex/latex/graphics/keyval.sty
Package: keyval 2014/10/28 v1.15 key=value parser (DPC)
\KV@toks@=\toks14
)
(/usr/share/texlive/texmf-dist/tex/generic/oberdiek/ifpdf.sty
Package: ifpdf 2011/01/30 v2.3 Provides the ifpdf switch (HO)
Package ifpdf Info: pdfTeX in PDF mode is detected.
)
(/usr/share/texlive/texmf-dist/tex/generic/oberdiek/ifvtex.sty
Package: ifvtex 2010/03/01 v1.5 Detect VTeX and its facilities (HO)
Package ifvtex Info: VTeX not detected.
)
(/usr/share/texlive/texmf-dist/tex/generic/ifxetex/ifxetex.sty
Package: ifxetex 2010/09/12 v0.6 Provides ifxetex conditional
)
\Gm@cnth=\count96
\Gm@cntv=\count97
\c@Gm@tempcnt=\count98
\Gm@bindingoffset=\dimen112
\Gm@wd@mp=\dimen113
\Gm@odd@mp=\dimen114
\Gm@even@mp=\dimen115
\Gm@layoutwidth=\dimen116
\Gm@layoutheight=\dimen117
\Gm@layouthoffset=\dimen118
\Gm@layoutvoffset=\dimen119
\Gm@dimlist=\toks15
)
(/usr/share/texlive/texmf-dist/tex/latex/amsmath/amsmath.sty
Package: amsmath 2016/03/03 v2.15a AMS math features
\@mathmargin=\skip45

For additional information on amsmath, use the `?' option.
(/usr/share/texlive/texmf-dist/tex/latex/amsmath/amstext.sty
Package: amstext 2000/06/29 v2.01 AMS text

(/usr/share/texlive/texmf-dist/tex/latex/amsmath/amsgen.sty
File: amsgen.sty 1999/11/30 v2.0 generic functions
\@emptytoks=\toks16
\ex@=\dimen120
))
(/usr/share/texlive/texmf-dist/tex/latex/amsmath/amsbsy.sty
Package: amsbsy 1999/11/29 v1.2d Bold Symbols
\pmbraise@=\dimen121
)
(/usr/share/texlive/texmf-dist/tex/latex/amsmath/amsopn.sty
Package: amsopn 1999/12/14 v2.01 operator names
)
\inf@bad=\count99
LaTeX Info: Redefining \frac on input line 199.
\uproot@=\count100
\leftroot@=\count101
LaTeX Info: Redefining \overline on input line 297.
\classnum@=\count102
\DOTSCASE@=\count103
LaTeX Info: Redefining \ldots on input line 394.
LaTeX Info: Redefining \dots on input line 397.
LaTeX Info: Redefining \cdots on input line 518.
\Mathstrutbox@=\box52
\strutbox@=\box53
\big@size=\dimen122
LaTeX Font Info:    Redeclaring font encoding OML on input line 630.
LaTeX Font Info:    Redeclaring font encoding OMS on input line 631.
\macc@depth=\count104
\c@MaxMatrixCols=\count105
\dotsspace@=\muskip10
\c@parentequation=\count106
\dspbrk@lvl=\count107
\tag@help=\toks17
\row@=\count108
\column@=\count109
\maxfields@=\count110
\andhelp@=\toks18
\eqnshift@=\dimen123
\alignsep@=\dimen124
\tagshift@=\dimen125
\tagwidth@=\dimen126
\totwidth@=\dimen127
\lineht@=\dimen128
\@envbody=\toks19
\multlinegap=\skip46
\multlinetaggap=\skip47
\mathdisplay@stack=\toks20
LaTeX Info: Redefining \[ on input line 2735.
LaTeX Info: Redefining \] on input line 2736.
)
(/usr/share/texlive/texmf-dist/tex/latex/amscls/amsthm.sty
Package: amsthm 2015/03/04 v2.20.2
\thm@style=\toks21
\thm@bodyfont=\toks22
\thm@headfont=\toks23
\thm@notefont=\toks24
\thm@headpunct=\toks25
\thm@preskip=\skip48
\thm@postskip=\skip49
\thm@headsep=\skip50
\dth@everypar=\toks26
)
(/usr/share/texlive/texmf-dist/tex/latex/amsfonts/amsfonts.sty
Package: amsfonts 2013/01/14 v3.01 Basic AMSFonts support
\symAMSa=\mathgroup4
\symAMSb=\mathgroup5
LaTeX Font Info:    Overwriting math alphabet `\mathfrak' in version `bold'
(Font)                  U/euf/m/n --> U/euf/b/n on input line 106.
)
(/usr/share/texlive/texmf-dist/tex/latex/amsfonts/amssymb.sty
Package: amssymb 2013/01/14 v3.01 AMS font symbols
)
(/usr/share/texlive/texmf-dist/tex/latex/float/float.sty
Package: float 2001/11/08 v1.3d Float enhancements (AL)
\c@float@type=\count111
\float@exts=\toks27
\float@box=\box54
\@float@everytoks=\toks28
\@floatcapt=\box55
)
(/usr/share/texlive/texmf-dist/tex/latex/parskip/parskip.sty
Package: parskip 2001/04/09 non-zero parskip adjustments
)
(/usr/share/texlive/texmf-dist/tex/latex/graphics/graphicx.sty
Package: graphicx 2014/10/28 v1.0g Enhanced LaTeX Graphics (DPC,SPQR)

(/usr/share/texlive/texmf-dist/tex/latex/graphics/graphics.sty
Package: graphics 2016/01/03 v1.0q Standard LaTeX Graphics (DPC,SPQR)

(/usr/share/texlive/texmf-dist/tex/latex/graphics/trig.sty
Package: trig 2016/01/03 v1.10 sin cos tan (DPC)
)
(/usr/share/texlive/texmf-dist/tex/latex/latexconfig/graphics.cfg
File: graphics.cfg 2010/04/23 v1.9 graphics configuration of TeX Live
)
Package graphics Info: Driver file: pdftex.def on input line 95.

(/usr/share/texlive/texmf-dist/tex/latex/pdftex-def/pdftex.def
File: pdftex.def 2011/05/27 v0.06d Graphics/color for pdfTeX

(/usr/share/texlive/texmf-dist/tex/generic/oberdiek/infwarerr.sty
Package: infwarerr 2010/04/08 v1.3 Providing info/warning/error messages (HO)
)
(/usr/share/texlive/texmf-dist/tex/generic/oberdiek/ltxcmds.sty
Package: ltxcmds 2011/11/09 v1.22 LaTeX kernel commands for general use (HO)
)
\Gread@gobject=\count112
))
\Gin@req@height=\dimen129
\Gin@req@width=\dimen130
)
(./KNE343.aux)
\openout1 = `KNE343.aux'.

LaTeX Font Info:    Checking defaults for OML/cmm/m/it on input line 46.
LaTeX Font Info:    ... okay on input line 46.
LaTeX Font Info:    Checking defaults for T1/cmr/m/n on input line 46.
LaTeX Font Info:    ... okay on input line 46.
LaTeX Font Info:    Checking defaults for OT1/cmr/m/n on input line 46.
LaTeX Font Info:    ... okay on input line 46.
LaTeX Font Info:    Checking defaults for OMS/cmsy/m/n on input line 46.
LaTeX Font Info:    ... okay on input line 46.
LaTeX Font Info:    Checking defaults for OMX/cmex/m/n on input line 46.
LaTeX Font Info:    ... okay on input line 46.
LaTeX Font Info:    Checking defaults for U/cmr/m/n on input line 46.
LaTeX Font Info:    ... okay on input line 46.

*geometry* driver: auto-detecting
*geometry* detected driver: pdftex
*geometry* verbose mode - [ preamble ] result:
* driver: pdftex
* paper: a4paper
* layout: <same size as paper>
* layoutoffset:(h,v)=(0.0pt,0.0pt)
* modes: landscape 
* h-part:(L,W,R)=(28.45274pt, 788.14136pt, 28.45274pt)
* v-part:(T,H,B)=(28.45274pt, 540.60239pt, 28.45274pt)
* \paperwidth=845.04684pt
* \paperheight=597.50787pt
* \textwidth=788.14136pt
* \textheight=540.60239pt
* \oddsidemargin=-43.81725pt
* \evensidemargin=-43.81725pt
* \topmargin=-80.81725pt
* \headheight=12.0pt
* \headsep=25.0pt
* \topskip=10.0pt
* \footskip=30.0pt
* \marginparwidth=144.0pt
* \marginparsep=11.0pt
* \columnsep=10.0pt
* \skip\footins=9.0pt plus 4.0pt minus 2.0pt
* \hoffset=0.0pt
* \voffset=0.0pt
* \mag=1000
* \@twocolumnfalse
* \@twosidefalse
* \@mparswitchfalse
* \@reversemarginfalse
* (1in=72.27pt=25.4mm, 1cm=28.453pt)

(/usr/share/texlive/texmf-dist/tex/context/base/supp-pdf.mkii
[Loading MPS to PDF converter (version 2006.09.02).]
\scratchcounter=\count113
\scratchdimen=\dimen131
\scratchbox=\box56
\nofMPsegments=\count114
\nofMParguments=\count115
\everyMPshowfont=\toks29
\MPscratchCnt=\count116
\MPscratchDim=\dimen132
\MPnumerator=\count117
\makeMPintoPDFobject=\count118
\everyMPtoPDFconversion=\toks30
) (/usr/share/texlive/texmf-dist/tex/generic/oberdiek/pdftexcmds.sty
Package: pdftexcmds 2011/11/29 v0.20 Utility functions of pdfTeX for LuaTeX (HO
)

(/usr/share/texlive/texmf-dist/tex/generic/oberdiek/ifluatex.sty
Package: ifluatex 2010/03/01 v1.3 Provides the ifluatex switch (HO)
Package ifluatex Info: LuaTeX not detected.
)
Package pdftexcmds Info: LuaTeX not detected.
Package pdftexcmds Info: \pdf@primitive is available.
Package pdftexcmds Info: \pdf@ifprimitive is available.
Package pdftexcmds Info: \pdfdraftmode found.
)
(/usr/share/texlive/texmf-dist/tex/latex/oberdiek/epstopdf-base.sty
Package: epstopdf-base 2010/02/09 v2.5 Base part for package epstopdf

(/usr/share/texlive/texmf-dist/tex/latex/oberdiek/grfext.sty
Package: grfext 2010/08/19 v1.1 Manage graphics extensions (HO)

(/usr/share/texlive/texmf-dist/tex/generic/oberdiek/kvdefinekeys.sty
Package: kvdefinekeys 2011/04/07 v1.3 Define keys (HO)
))
(/usr/share/texlive/texmf-dist/tex/latex/oberdiek/kvoptions.sty
Package: kvoptions 2011/06/30 v3.11 Key value format for package options (HO)

(/usr/share/texlive/texmf-dist/tex/generic/oberdiek/kvsetkeys.sty
Package: kvsetkeys 2012/04/25 v1.16 Key value parser (HO)

(/usr/share/texlive/texmf-dist/tex/generic/oberdiek/etexcmds.sty
Package: etexcmds 2011/02/16 v1.5 Avoid name clashes with e-TeX commands (HO)
Package etexcmds Info: Could not find \expanded.
(etexcmds)             That can mean that you are not using pdfTeX 1.50 or
(etexcmds)             that some package has redefined \expanded.
(etexcmds)             In the latter case, load this package earlier.
)))
Package grfext Info: Graphics extension search list:
(grfext)             [.png,.pdf,.jpg,.mps,.jpeg,.jbig2,.jb2,.PNG,.PDF,.JPG,.JPE
G,.JBIG2,.JB2,.eps]
(grfext)             \AppendGraphicsExtensions on input line 452.

(/usr/share/texlive/texmf-dist/tex/latex/latexconfig/epstopdf-sys.cfg
File: epstopdf-sys.cfg 2010/07/13 v1.3 Configuration of (r)epstopdf for TeX Liv
e
))
LaTeX Font Info:    Try loading font information for OMS+cmr on input line 54.

(/usr/share/texlive/texmf-dist/tex/latex/base/omscmr.fd
File: omscmr.fd 2014/09/29 v2.5h Standard LaTeX font definitions
)
LaTeX Font Info:    Font shape `OMS/cmr/m/n' in size <10> not available
(Font)              Font shape `OMS/cmsy/m/n' tried instead on input line 54.
LaTeX Font Info:    Try loading font information for U+msa on input line 54.

(/usr/share/texlive/texmf-dist/tex/latex/amsfonts/umsa.fd
File: umsa.fd 2013/01/14 v3.01 AMS symbols A
)
LaTeX Font Info:    Try loading font information for U+msb on input line 54.

(/usr/share/texlive/texmf-dist/tex/latex/amsfonts/umsb.fd
File: umsb.fd 2013/01/14 v3.01 AMS symbols B
)
Underfull \hbox (badness 10000) in paragraph at lines 71--81
\OT1/cmr/m/n/10 Fourier Se-ries: $\OML/cmm/m/it/10 f\OT1/cmr/m/n/10 (\OML/cmm/m
/it/10 t\OT1/cmr/m/n/10 ) = \OML/cmm/m/it/10 a[] \OT1/cmr/m/n/10 +
 []


Underfull \hbox (badness 10000) in paragraph at lines 71--81
\OML/cmm/m/it/10 a[] \OT1/cmr/m/n/10 = [] [][] \OML/cmm/m/it/10 f\OT1/cmr/m/n/1
0 (\OML/cmm/m/it/10 t\OT1/cmr/m/n/10 )\OML/cmm/m/it/10 dt []\OT1/cmr/m/n/10 ;  
[]\OML/cmm/m/it/10 a[] \OT1/cmr/m/n/10 =
 []


Underfull \hbox (badness 10000) in paragraph at lines 71--81
[] [][] \OML/cmm/m/it/10 f\OT1/cmr/m/n/10 (\OML/cmm/m/it/10 t\OT1/cmr/m/n/10 )\
OML/cmm/m/it/10 dt [] n!t []dt []\OT1/cmr/m/n/10 ;  []\OML/cmm/m/it/10 b[] \OT1
/cmr/m/n/10 =
 []


Overfull \hbox (4.64389pt too wide) in paragraph at lines 71--81
\OML/cmm/m/it/10 P[] \OT1/cmr/m/n/10 = \OML/cmm/m/it/10 I[]V[] \OT1/cmr/m/n/10 
+ [][] \OML/cmm/m/it/10 I[]V[] []\OT1/cmr/m/n/10 (\OML/cmm/m/it/10 ^^R[]\OT1/cm
r/m/n/10 )$ 
 []


Underfull \hbox (badness 10000) in paragraph at lines 71--81

 []


Underfull \hbox (badness 10000) in paragraph at lines 95--111
\OT1/cmr/m/n/10 Full wave rec-ti-fier: $\OML/cmm/m/it/10 V[]\OT1/cmr/m/n/10 (\O
ML/cmm/m/it/10 t\OT1/cmr/m/n/10 ) =
 []


Underfull \hbox (badness 10000) in paragraph at lines 111--114
\OT1/cmr/m/n/10 Three phase half wave: $\OML/cmm/m/it/10 v\OT1/cmr/m/n/10 (\OML
/cmm/m/it/10 t\OT1/cmr/m/n/10 ) =
 []


Underfull \hbox (badness 10000) in paragraph at lines 111--114

 []


Overfull \hbox (13.13174pt too wide) in paragraph at lines 116--141
\OML/cmm/m/it/10 v\OT1/cmr/m/n/10 (\OML/cmm/m/it/10 t\OT1/cmr/m/n/10 ) = []$ 
 []


Overfull \hbox (35.28738pt too wide) in paragraph at lines 116--141
\OT1/cmr/m/n/10 v(t) = $[]$ 
 []

<buckconverter.png, id=1, 431.6125pt x 185.69376pt>
File: buckconverter.png Graphic file (type png)
 <use buckconverter.png>
Package pdftex.def Info: buckconverter.png used on input line 147.
(pdftex.def)             Requested size: 197.03534pt x 84.7713pt.

<boostconverter.png, id=2, 436.63126pt x 161.60374pt>
File: boostconverter.png Graphic file (type png)
 <use boostconverter.png>
Package pdftex.def Info: boostconverter.png used on input line 153.
(pdftex.def)             Requested size: 197.03534pt x 72.92567pt.

<buckboostconverter.png, id=3, 428.60126pt x 195.73125pt>
File: buckboostconverter.png Graphic file (type png)

<use buckboostconverter.png>
Package pdftex.def Info: buckboostconverter.png used on input line 159.
(pdftex.def)             Requested size: 197.03534pt x 89.98071pt.

<cukconverter.png, id=4, 593.21625pt x 174.6525pt>
File: cukconverter.png Graphic file (type png)
 <use cukconverter.png>
Package pdftex.def Info: cukconverter.png used on input line 165.
(pdftex.def)             Requested size: 197.03534pt x 58.01126pt.

<sepicconverter.png, id=5, 566.115pt x 212.795pt>
File: sepicconverter.png Graphic file (type png)
 <use sepicconverter.png>
Package pdftex.def Info: sepicconverter.png used on input line 174.
(pdftex.def)             Requested size: 197.03534pt x 74.06049pt.

<controlex.png, id=6, 837.1275pt x 482.80376pt>
File: controlex.png Graphic file (type png)
 <use controlex.png>
Package pdftex.def Info: controlex.png used on input line 183.
(pdftex.def)             Requested size: 197.03534pt x 113.6357pt.

<bidirectionalcontverter.png, id=7, 852.18375pt x 368.37625pt>
File: bidirectionalcontverter.png Graphic file (type png)

<use bidirectionalcontverter.png>
Package pdftex.def Info: bidirectionalcontverter.png used on input line 186.
(pdftex.def)             Requested size: 197.03534pt x 85.16881pt.

<controlbiconv.png, id=8, 746.79pt x 200.75pt>
File: controlbiconv.png Graphic file (type png)
 <use controlbiconv.png>
Package pdftex.def Info: controlbiconv.png used on input line 188.
(pdftex.def)             Requested size: 197.03534pt x 52.96568pt.

<isolatedconverter.png, id=9, 385.44pt x 205.76875pt>
File: isolatedconverter.png Graphic file (type png)

<use isolatedconverter.png>
Package pdftex.def Info: isolatedconverter.png used on input line 191.
(pdftex.def)             Requested size: 197.03534pt x 105.18556pt.

<doubleoutput.png, id=10, 376.40625pt x 259.97125pt>
File: doubleoutput.png Graphic file (type png)
 <use doubleoutput.png>
Package pdftex.def Info: doubleoutput.png used on input line 200.
(pdftex.def)             Requested size: 197.03534pt x 136.09026pt.

Overfull \hbox (7.5pt too wide) in paragraph at lines 142--201
[] 
 []


Overfull \hbox (7.5pt too wide) in paragraph at lines 142--201
[] 
 []


Overfull \hbox (20.33682pt too wide) in paragraph at lines 142--201
[]$ 
 []


Overfull \hbox (7.5pt too wide) in paragraph at lines 142--201
[] 
 []


Overfull \hbox (10.68028pt too wide) in paragraph at lines 142--201
[]$
 []


Overfull \hbox (7.5pt too wide) in paragraph at lines 142--201
[] 
 []


Overfull \hbox (7.5pt too wide) in paragraph at lines 142--201
[] 
 []


Overfull \hbox (7.5pt too wide) in paragraph at lines 142--201
[] 
 []


Overfull \hbox (7.5pt too wide) in paragraph at lines 142--201
[] 
 []


Overfull \hbox (7.5pt too wide) in paragraph at lines 142--201
[] 
 []


Overfull \hbox (7.5pt too wide) in paragraph at lines 142--201
[] 
 []


Overfull \hbox (7.5pt too wide) in paragraph at lines 142--201
[] 
 []


Underfull \hbox (badness 10000) in paragraph at lines 142--201

 []

[1

{/var/lib/texmf/fonts/map/pdftex/updmap/pdftex.map} <./buckconverter.png>]
<squarewaveinv.png, id=27, 449.68pt x 242.9075pt>
File: squarewaveinv.png Graphic file (type png)
 <use squarewaveinv.png>
Package pdftex.def Info: squarewaveinv.png used on input line 204.
(pdftex.def)             Requested size: 197.03534pt x 106.43484pt.

Overfull \hbox (7.5pt too wide) in paragraph at lines 202--206
[] 
 []


Underfull \hbox (badness 10000) in paragraph at lines 202--206

 []


Underfull \hbox (badness 10000) in paragraph at lines 206--208

 []

<inverter3phase.png, id=28, 421.575pt x 403.5075pt>
File: inverter3phase.png Graphic file (type png)
 <use inverter3phase.png>
Package pdftex.def Info: inverter3phase.png used on input line 217.
(pdftex.def)             Requested size: 197.03534pt x 188.5957pt.

<inverter3phaseOP.png, id=29, 838.13126pt x 467.7475pt>
File: inverter3phaseOP.png Graphic file (type png)

<use inverter3phaseOP.png>
Package pdftex.def Info: inverter3phaseOP.png used on input line 219.
(pdftex.def)             Requested size: 197.03534pt x 109.95636pt.

Overfull \hbox (7.5pt too wide) in paragraph at lines 208--220
[] 
 []


Overfull \hbox (7.5pt too wide) in paragraph at lines 208--220
[] 
 []

[2 <./boostconverter.png> <./buckboostconverter.png> <./cukconverter.png> <./se
picconverter.png> <./controlex.png> <./bidirectionalcontverter.png> <./controlb
iconv.png> <./isolatedconverter.png> <./doubleoutput.png> <./squarewaveinv.png>
] <PWMcontrol.png, id=35, 849.1725pt x 399.4925pt>
File: PWMcontrol.png Graphic file (type png)
 <use PWMcontrol.png>
Package pdftex.def Info: PWMcontrol.png used on input line 223.
(pdftex.def)             Requested size: 197.03534pt x 92.69206pt.

<PWMfouriercoeff.png, id=36, 803.0pt x 201.75375pt>
File: PWMfouriercoeff.png Graphic file (type png)
 <use PWMfouriercoeff.png>
Package pdftex.def Info: PWMfouriercoeff.png used on input line 227.
(pdftex.def)             Requested size: 197.03534pt x 49.50552pt.

<PWMunipolar.png, id=37, 451.6875pt x 225.84375pt>
File: PWMunipolar.png Graphic file (type png)
 <use PWMunipolar.png>
Package pdftex.def Info: PWMunipolar.png used on input line 230.
(pdftex.def)             Requested size: 55.17566pt x 27.58597pt.

<PWMbipolar.png, id=38, 373.395pt x 183.68625pt>
File: PWMbipolar.png Graphic file (type png)
 <use PWMbipolar.png>
Package pdftex.def Info: PWMbipolar.png used on input line 231.
(pdftex.def)             Requested size: 55.17566pt x 27.14253pt.

<PWM3phase.png, id=39, 576.1525pt x 405.515pt>
File: PWM3phase.png Graphic file (type png)
 <use PWM3phase.png>
Package pdftex.def Info: PWM3phase.png used on input line 232.
(pdftex.def)             Requested size: 55.17566pt x 38.8337pt.

<deadtime.png, id=40, 387.4475pt x 289.08pt>
File: deadtime.png Graphic file (type png)
 <use deadtime.png>
Package pdftex.def Info: deadtime.png used on input line 234.
(pdftex.def)             Requested size: 197.03534pt x 147.0142pt.

Overfull \hbox (7.5pt too wide) in paragraph at lines 220--235
[] 
 []


Overfull \hbox (7.5pt too wide) in paragraph at lines 220--235
[] 
 []


Overfull \hbox (7.5pt too wide) in paragraph at lines 220--235
[] 
 []


Underfull \hbox (badness 10000) in paragraph at lines 220--235

 []

[3 <./inverter3phase.png> <./inverter3phaseOP.png> <./PWMcontrol.png> <./PWMfou
riercoeff.png> <./PWMunipolar.png> <./PWMbipolar.png> <./PWM3phase.png> <./dead
time.png>] (./KNE343.aux) ) 
Here is how much of TeX's memory you used:
 3209 strings out of 494953
 43900 string characters out of 6180978
 143787 words of memory out of 5000000
 6429 multiletter control sequences out of 15000+600000
 6857 words of font info for 27 fonts, out of 8000000 for 9000
 14 hyphenation exceptions out of 8191
 37i,10n,24p,441b,254s stack positions out of 5000i,500n,10000p,200000b,80000s
</usr/share/texlive/texmf-dist/fonts/type1/public/am
sfonts/cm/cmbx10.pfb></usr/share/texlive/texmf-dist/fonts/type1/public/amsfonts
/cm/cmbx12.pfb></usr/share/texlive/texmf-dist/fonts/type1/public/amsfonts/cm/cm
ex10.pfb></usr/share/texlive/texmf-dist/fonts/type1/public/amsfonts/cm/cmmi10.p
fb></usr/share/texlive/texmf-dist/fonts/type1/public/amsfonts/cm/cmmi5.pfb></us
r/share/texlive/texmf-dist/fonts/type1/public/amsfonts/cm/cmmi7.pfb></usr/share
/texlive/texmf-dist/fonts/type1/public/amsfonts/cm/cmr10.pfb></usr/share/texliv
e/texmf-dist/fonts/type1/public/amsfonts/cm/cmr5.pfb></usr/share/texlive/texmf-
dist/fonts/type1/public/amsfonts/cm/cmr7.pfb></usr/share/texlive/texmf-dist/fon
ts/type1/public/amsfonts/cm/cmsy10.pfb></usr/share/texlive/texmf-dist/fonts/typ
e1/public/amsfonts/cm/cmsy5.pfb></usr/share/texlive/texmf-dist/fonts/type1/publ
ic/amsfonts/cm/cmsy7.pfb></usr/share/texlive/texmf-dist/fonts/type1/public/amsf
onts/symbols/msam10.pfb>
Output written on KNE343.pdf (3 pages, 510958 bytes).
PDF statistics:
 85 PDF objects out of 1000 (max. 8388607)
 47 compressed objects within 1 object stream
 0 named destinations out of 1000 (max. 500000)
 96 words of extra memory for PDF output out of 10000 (max. 10000000)

